Using pre-set license
Built from '2020.3/staging' branch; Version is '2020.3.8f1 (507919d4fff5) revision 5273881'; Using compiler version '192528614'; Build Type 'Release'
OS: 'Windows 10 Pro; OS build 19041.1165; Version 2004; 64bit' Language: 'zh' Physical Memory: 16337 MB
BatchMode: 1, IsHumanControllingUs: 0, StartBugReporterOnCrash: 0, Is64bit: 1, IsPro: 0

 COMMAND LINE ARGUMENTS:
D:\Program Files\Unity\2020.3.8f1\Editor\Unity.exe
-adb2
-batchMode
-noUpm
-name
AssetImportWorker0
-projectPath
D:/Learning_To_Be_Useful/Project Paeonia
-logFile
Logs/AssetImportWorker0.log
-srvPort
54071
Successfully changed project path to: D:/Learning_To_Be_Useful/Project Paeonia
D:/Learning_To_Be_Useful/Project Paeonia
Using Asset Import Pipeline V2.
Refreshing native plugins compatible for Editor in 82.27 ms, found 0 plugins.
Preloading 0 native plugins for Editor in 0.00 ms.
Initialize engine version: 2020.3.8f1 (507919d4fff5)
[Subsystems] Discovering subsystems at path D:/Program Files/Unity/2020.3.8f1/Editor/Data/Resources/UnitySubsystems
[Subsystems] Discovering subsystems at path D:/Learning_To_Be_Useful/Project Paeonia/Assets
GfxDevice: creating device client; threaded=0
Direct3D:
    Version:  Direct3D 11.0 [level 11.1]
    Renderer: NVIDIA GeForce GTX 1050 Ti (ID=0x1c82)
    Vendor:   
    VRAM:     4018 MB
    Driver:   27.21.14.6627
Shader 'Universal Render Pipeline/Particles/Lit': fallback shader 'Universal Render Pipeline/Particles/SimpleLit' not found
Initialize mono
Mono path[0] = 'D:/Program Files/Unity/2020.3.8f1/Editor/Data/Managed'
Mono path[1] = 'D:/Program Files/Unity/2020.3.8f1/Editor/Data/MonoBleedingEdge/lib/mono/unityjit'
Mono config path = 'D:/Program Files/Unity/2020.3.8f1/Editor/Data/MonoBleedingEdge/etc'
Using monoOptions --debugger-agent=transport=dt_socket,embedding=1,server=y,suspend=n,address=127.0.0.1:56728
Begin MonoManager ReloadAssembly
Registering precompiled unity dll's ...
Register platform support module: D:/Program Files/Unity/2020.3.8f1/Editor/Data/PlaybackEngines/WebGLSupport/UnityEditor.WebGL.Extensions.dll
Register platform support module: D:/Program Files/Unity/2020.3.8f1/Editor/Data/PlaybackEngines/WindowsStandaloneSupport/UnityEditor.WindowsStandalone.Extensions.dll
Registered in 0.001105 seconds.
Native extension for WindowsStandalone target not found
Native extension for WebGL target not found
Refreshing native plugins compatible for Editor in 81.00 ms, found 0 plugins.
Preloading 0 native plugins for Editor in 0.00 ms.
Mono: successfully reloaded assembly
- Completed reload, in  1.398 seconds
Platform modules already initialized, skipping
Registering precompiled user dll's ...
Registered in 0.001259 seconds.
Begin MonoManager ReloadAssembly
Native extension for WindowsStandalone target not found
Native extension for WebGL target not found
Refreshing native plugins compatible for Editor in 86.19 ms, found 0 plugins.
Preloading 0 native plugins for Editor in 0.00 ms.
Mono: successfully reloaded assembly
- Completed reload, in  1.115 seconds
Platform modules already initialized, skipping
========================================================================
Worker process is ready to serve import requests
Shader 'Universal Render Pipeline/Particles/Lit': fallback shader 'Universal Render Pipeline/Particles/SimpleLit' not found
Launched and connected shader compiler UnityShaderCompiler.exe after 0.04 seconds
Refreshing native plugins compatible for Editor in 0.75 ms, found 0 plugins.
Preloading 0 native plugins for Editor in 0.00 ms.
Unloading 4079 Unused Serialized files (Serialized files now loaded: 0)
System memory in use before: 296.2 MB.
System memory in use after: 296.4 MB.

Unloading 23 unused Assets to reduce memory usage. Loaded Objects now: 4531.
Total: 2.510800 ms (FindLiveObjects: 0.342300 ms CreateObjectMapping: 0.263900 ms MarkObjects: 1.827700 ms  DeleteObjects: 0.076000 ms)

========================================================================
Received Import Request.
  path: Assets/Scripts/DollsSkills/Unit1Skill.cs
  artifactKey: Guid(66d54675c014fc2478013cd5b5773915) Importer(815301076,1909f56bfc062723c751e8b465ee728b)
Start importing Assets/Scripts/DollsSkills/Unit1Skill.cs using Guid(66d54675c014fc2478013cd5b5773915) Importer(815301076,1909f56bfc062723c751e8b465ee728b)  -> (artifact id: 'bdc4340d8a47c8b77fed1aae6e1f06ff') in 0.022641 seconds
  Import took 0.027755 seconds .

========================================================================
Received Import Request.
  Time since last request: 122.161986 seconds.
  path: Assets/Scripts/DollsSkills
  artifactKey: Guid(470b6d045c98fed42a5431325a90b977) Importer(815301076,1909f56bfc062723c751e8b465ee728b)
Start importing Assets/Scripts/DollsSkills using Guid(470b6d045c98fed42a5431325a90b977) Importer(815301076,1909f56bfc062723c751e8b465ee728b)  -> (artifact id: 'e8fd03fbde6bd4ff546380c7101fc004') in 0.002480 seconds
  Import took 0.009368 seconds .

========================================================================
Received Import Request.
  Time since last request: 124.703420 seconds.
  path: Assets/Scripts/DollsSkills/Unit1Skill1.cs
  artifactKey: Guid(cbdab55daa5858c4798a82ee2c15f477) Importer(815301076,1909f56bfc062723c751e8b465ee728b)
Start importing Assets/Scripts/DollsSkills/Unit1Skill1.cs using Guid(cbdab55daa5858c4798a82ee2c15f477) Importer(815301076,1909f56bfc062723c751e8b465ee728b)  -> (artifact id: '6322af0520a6a7504a7b2c0ec8c864db') in 0.004774 seconds
  Import took 0.016533 seconds .

========================================================================
Received Prepare
Registering precompiled user dll's ...
Registered in 0.001245 seconds.
Begin MonoManager ReloadAssembly
Native extension for WindowsStandalone target not found
Native extension for WebGL target not found
Refreshing native plugins compatible for Editor in 1.19 ms, found 0 plugins.
Preloading 0 native plugins for Editor in 0.00 ms.
Mono: successfully reloaded assembly
- Completed reload, in  0.929 seconds
Platform modules already initialized, skipping
Shader 'Universal Render Pipeline/Particles/Lit': fallback shader 'Universal Render Pipeline/Particles/SimpleLit' not found
Refreshing native plugins compatible for Editor in 0.77 ms, found 0 plugins.
Preloading 0 native plugins for Editor in 0.00 ms.
Unloading 3839 Unused Serialized files (Serialized files now loaded: 0)
System memory in use before: 276.2 MB.
System memory in use after: 276.5 MB.

Unloading 18 unused Assets to reduce memory usage. Loaded Objects now: 4535.
Total: 2.449100 ms (FindLiveObjects: 0.368000 ms CreateObjectMapping: 0.200200 ms MarkObjects: 1.864800 ms  DeleteObjects: 0.015300 ms)

========================================================================
Received Import Request.
  Time since last request: 12.901628 seconds.
  path: Assets/Scripts/DollsSkills/三六式
  artifactKey: Guid(f5fced6a5c4729d4b89e6c1c732e04a0) Importer(815301076,1909f56bfc062723c751e8b465ee728b)
Start importing Assets/Scripts/DollsSkills/三六式 using Guid(f5fced6a5c4729d4b89e6c1c732e04a0) Importer(815301076,1909f56bfc062723c751e8b465ee728b)  -> (artifact id: '8c5ba7e863677ab8f3b6428cf9c67d17') in 0.005568 seconds
  Import took 0.011131 seconds .

========================================================================
Received Import Request.
  Time since last request: 0.001246 seconds.
  path: Assets/Scripts/DollsSkills/三六式
  artifactKey: Guid(f5fced6a5c4729d4b89e6c1c732e04a0) Importer(815301076,1909f56bfc062723c751e8b465ee728b)
Start importing Assets/Scripts/DollsSkills/三六式 using Guid(f5fced6a5c4729d4b89e6c1c732e04a0) Importer(815301076,1909f56bfc062723c751e8b465ee728b)  -> (artifact id: '8c5ba7e863677ab8f3b6428cf9c67d17') in 0.001778 seconds
  Import took 0.007239 seconds .

========================================================================
Received Prepare
Registering precompiled user dll's ...
Registered in 0.001295 seconds.
Begin MonoManager ReloadAssembly
Native extension for WindowsStandalone target not found
Native extension for WebGL target not found
Refreshing native plugins compatible for Editor in 0.87 ms, found 0 plugins.
Preloading 0 native plugins for Editor in 0.00 ms.
Mono: successfully reloaded assembly
- Completed reload, in  0.925 seconds
Platform modules already initialized, skipping
Shader 'Universal Render Pipeline/Particles/Lit': fallback shader 'Universal Render Pipeline/Particles/SimpleLit' not found
Refreshing native plugins compatible for Editor in 0.77 ms, found 0 plugins.
Preloading 0 native plugins for Editor in 0.00 ms.
Unloading 3839 Unused Serialized files (Serialized files now loaded: 0)
System memory in use before: 276.3 MB.
System memory in use after: 276.6 MB.

Unloading 18 unused Assets to reduce memory usage. Loaded Objects now: 4538.
Total: 2.837100 ms (FindLiveObjects: 0.370000 ms CreateObjectMapping: 0.214600 ms MarkObjects: 2.232900 ms  DeleteObjects: 0.018700 ms)

========================================================================
Received Prepare
Registering precompiled user dll's ...
Registered in 0.001268 seconds.
Begin MonoManager ReloadAssembly
Native extension for WindowsStandalone target not found
Native extension for WebGL target not found
Refreshing native plugins compatible for Editor in 0.78 ms, found 0 plugins.
Preloading 0 native plugins for Editor in 0.00 ms.
Mono: successfully reloaded assembly
- Completed reload, in  0.916 seconds
Platform modules already initialized, skipping
Shader 'Universal Render Pipeline/Particles/Lit': fallback shader 'Universal Render Pipeline/Particles/SimpleLit' not found
Refreshing native plugins compatible for Editor in 0.77 ms, found 0 plugins.
Preloading 0 native plugins for Editor in 0.00 ms.
Unloading 3839 Unused Serialized files (Serialized files now loaded: 0)
System memory in use before: 276.3 MB.
System memory in use after: 276.6 MB.

Unloading 18 unused Assets to reduce memory usage. Loaded Objects now: 4541.
Total: 2.330600 ms (FindLiveObjects: 0.303300 ms CreateObjectMapping: 0.168000 ms MarkObjects: 1.842800 ms  DeleteObjects: 0.015900 ms)

========================================================================
Received Import Request.
  Time since last request: 3739.715563 seconds.
  path: Assets/Scripts/DollsSkills/三六式/U1S1_Type36.cs
  artifactKey: Guid(cbdab55daa5858c4798a82ee2c15f477) Importer(815301076,1909f56bfc062723c751e8b465ee728b)
Start importing Assets/Scripts/DollsSkills/三六式/U1S1_Type36.cs using Guid(cbdab55daa5858c4798a82ee2c15f477) Importer(815301076,1909f56bfc062723c751e8b465ee728b)  -> (artifact id: '41c1353c2acfa6e1ef2ca6f7751de0b8') in 0.009480 seconds
  Import took 0.016954 seconds .

========================================================================
Received Import Request.
  Time since last request: 5.995034 seconds.
  path: Assets/Scripts/DollsSkills/三六式/U1S1_Type36.cs
  artifactKey: Guid(cbdab55daa5858c4798a82ee2c15f477) Importer(815301076,1909f56bfc062723c751e8b465ee728b)
Start importing Assets/Scripts/DollsSkills/三六式/U1S1_Type36.cs using Guid(cbdab55daa5858c4798a82ee2c15f477) Importer(815301076,1909f56bfc062723c751e8b465ee728b)  -> (artifact id: '02acccb54c84f17936ee7e275db66e59') in 0.004345 seconds
  Import took 0.015852 seconds .

========================================================================
Received Import Request.
  Time since last request: 4.337069 seconds.
  path: Assets/Scripts/Dolls
  artifactKey: Guid(647c74b5539cf9c4bbc933f24df6593f) Importer(815301076,1909f56bfc062723c751e8b465ee728b)
Start importing Assets/Scripts/Dolls using Guid(647c74b5539cf9c4bbc933f24df6593f) Importer(815301076,1909f56bfc062723c751e8b465ee728b)  -> (artifact id: '1212f25ff99a4630bb50a86bd1bd101b') in 0.002442 seconds
  Import took 0.009356 seconds .

========================================================================
Received Import Request.
  Time since last request: 1.773872 seconds.
  path: Assets/Scripts/Utils
  artifactKey: Guid(857ed0b7d2b399040b4b06d67c0e9cdb) Importer(815301076,1909f56bfc062723c751e8b465ee728b)
Start importing Assets/Scripts/Utils using Guid(857ed0b7d2b399040b4b06d67c0e9cdb) Importer(815301076,1909f56bfc062723c751e8b465ee728b)  -> (artifact id: 'ef3f410e1df6b8e047c22e247ccc532f') in 0.002946 seconds
  Import took 0.010051 seconds .

========================================================================
Received Import Request.
  Time since last request: 10.213789 seconds.
  path: Assets/Scripts/DollsSkills/Type36
  artifactKey: Guid(f5fced6a5c4729d4b89e6c1c732e04a0) Importer(815301076,1909f56bfc062723c751e8b465ee728b)
Start importing Assets/Scripts/DollsSkills/Type36 using Guid(f5fced6a5c4729d4b89e6c1c732e04a0) Importer(815301076,1909f56bfc062723c751e8b465ee728b)  -> (artifact id: 'fc07a7882714a757da80e5519b886ffd') in 0.003043 seconds
  Import took 0.010602 seconds .

AssetImportWorkerClient::OnTransportError - code=2 error=End of file
